This is pdfTeX, Version 3.141592653-2.6-1.40.25 (TeX Live 2023) (preloaded format=pdflatex 2023.5.10)  1 OCT 2023 22:51
entering extended mode
 restricted \write18 enabled.
 file:line:error style messages enabled.
 %&-line parsing enabled.
**/Users/hochwagenlab/Desktop/buz/school/deep_learning_f23/homework/hw2/write_up/h2.tex
(/Users/hochwagenlab/Desktop/buz/school/deep_learning_f23/homework/hw2/write_up/h2.tex
LaTeX2e <2022-11-01> patch level 1
L3 programming layer <2023-02-22> (/usr/local/texlive/2023/texmf-dist/tex/latex/base/article.cls
Document Class: article 2022/07/02 v1.4n Standard LaTeX document class
(/usr/local/texlive/2023/texmf-dist/tex/latex/base/size10.clo
File: size10.clo 2022/07/02 v1.4n Standard LaTeX file (size option)
)
\c@part=\count185
\c@section=\count186
\c@subsection=\count187
\c@subsubsection=\count188
\c@paragraph=\count189
\c@subparagraph=\count190
\c@figure=\count191
\c@table=\count192
\abovecaptionskip=\skip48
\belowcaptionskip=\skip49
\bibindent=\dimen140
) (/usr/local/texlive/2023/texmf-dist/tex/latex/graphics/graphicx.sty
Package: graphicx 2021/09/16 v1.2d Enhanced LaTeX Graphics (DPC,SPQR)
 (/usr/local/texlive/2023/texmf-dist/tex/latex/graphics/keyval.sty
Package: keyval 2022/05/29 v1.15 key=value parser (DPC)
\KV@toks@=\toks16
) (/usr/local/texlive/2023/texmf-dist/tex/latex/graphics/graphics.sty
Package: graphics 2022/03/10 v1.4e Standard LaTeX Graphics (DPC,SPQR)
 (/usr/local/texlive/2023/texmf-dist/tex/latex/graphics/trig.sty
Package: trig 2021/08/11 v1.11 sin cos tan (DPC)
) (/usr/local/texlive/2023/texmf-dist/tex/latex/graphics-cfg/graphics.cfg
File: graphics.cfg 2016/06/04 v1.11 sample graphics configuration
)
Package graphics Info: Driver file: pdftex.def on input line 107.
 (/usr/local/texlive/2023/texmf-dist/tex/latex/graphics-def/pdftex.def
File: pdftex.def 2022/09/22 v1.2b Graphics/color driver for pdftex
))
\Gin@req@height=\dimen141
\Gin@req@width=\dimen142
) (/usr/local/texlive/2023/texmf-dist/tex/latex/xcolor/xcolor.sty
Package: xcolor 2022/06/12 v2.14 LaTeX color extensions (UK)
 (/usr/local/texlive/2023/texmf-dist/tex/latex/graphics-cfg/color.cfg
File: color.cfg 2016/01/02 v1.6 sample color configuration
)
Package xcolor Info: Driver file: pdftex.def on input line 227.
 (/usr/local/texlive/2023/texmf-dist/tex/latex/graphics/mathcolor.ltx)
Package xcolor Info: Model `cmy' substituted by `cmy0' on input line 1353.
Package xcolor Info: Model `hsb' substituted by `rgb' on input line 1357.
Package xcolor Info: Model `RGB' extended on input line 1369.
Package xcolor Info: Model `HTML' substituted by `rgb' on input line 1371.
Package xcolor Info: Model `Hsb' substituted by `hsb' on input line 1372.
Package xcolor Info: Model `tHsb' substituted by `hsb' on input line 1373.
Package xcolor Info: Model `HSB' substituted by `hsb' on input line 1374.
Package xcolor Info: Model `Gray' substituted by `gray' on input line 1375.
Package xcolor Info: Model `wave' substituted by `hsb' on input line 1376.
) (/usr/local/texlive/2023/texmf-dist/tex/latex/enumitem/enumitem.sty
Package: enumitem 2019/06/20 v3.9 Customized lists
\labelindent=\skip50
\enit@outerparindent=\dimen143
\enit@toks=\toks17
\enit@inbox=\box51
\enit@count@id=\count193
\enitdp@description=\count194
) (/usr/local/texlive/2023/texmf-dist/tex/latex/amsmath/amsmath.sty
Package: amsmath 2022/04/08 v2.17n AMS math features
\@mathmargin=\skip51

For additional information on amsmath, use the `?' option.
(/usr/local/texlive/2023/texmf-dist/tex/latex/amsmath/amstext.sty
Package: amstext 2021/08/26 v2.01 AMS text
 (/usr/local/texlive/2023/texmf-dist/tex/latex/amsmath/amsgen.sty
File: amsgen.sty 1999/11/30 v2.0 generic functions
\@emptytoks=\toks18
\ex@=\dimen144
)) (/usr/local/texlive/2023/texmf-dist/tex/latex/amsmath/amsbsy.sty
Package: amsbsy 1999/11/29 v1.2d Bold Symbols
\pmbraise@=\dimen145
) (/usr/local/texlive/2023/texmf-dist/tex/latex/amsmath/amsopn.sty
Package: amsopn 2022/04/08 v2.04 operator names
)
\inf@bad=\count195
LaTeX Info: Redefining \frac on input line 234.
\uproot@=\count196
\leftroot@=\count197
LaTeX Info: Redefining \overline on input line 399.
LaTeX Info: Redefining \colon on input line 410.
\classnum@=\count198
\DOTSCASE@=\count199
LaTeX Info: Redefining \ldots on input line 496.
LaTeX Info: Redefining \dots on input line 499.
LaTeX Info: Redefining \cdots on input line 620.
\Mathstrutbox@=\box52
\strutbox@=\box53
LaTeX Info: Redefining \big on input line 722.
LaTeX Info: Redefining \Big on input line 723.
LaTeX Info: Redefining \bigg on input line 724.
LaTeX Info: Redefining \Bigg on input line 725.
\big@size=\dimen146
LaTeX Font Info:    Redeclaring font encoding OML on input line 743.
LaTeX Font Info:    Redeclaring font encoding OMS on input line 744.
\macc@depth=\count266
LaTeX Info: Redefining \bmod on input line 905.
LaTeX Info: Redefining \pmod on input line 910.
LaTeX Info: Redefining \smash on input line 940.
LaTeX Info: Redefining \relbar on input line 970.
LaTeX Info: Redefining \Relbar on input line 971.
\c@MaxMatrixCols=\count267
\dotsspace@=\muskip16
\c@parentequation=\count268
\dspbrk@lvl=\count269
\tag@help=\toks19
\row@=\count270
\column@=\count271
\maxfields@=\count272
\andhelp@=\toks20
\eqnshift@=\dimen147
\alignsep@=\dimen148
\tagshift@=\dimen149
\tagwidth@=\dimen150
\totwidth@=\dimen151
\lineht@=\dimen152
\@envbody=\toks21
\multlinegap=\skip52
\multlinetaggap=\skip53
\mathdisplay@stack=\toks22
LaTeX Info: Redefining \[ on input line 2953.
LaTeX Info: Redefining \] on input line 2954.
) (/usr/local/texlive/2023/texmf-dist/tex/latex/amsfonts/amsfonts.sty
Package: amsfonts 2013/01/14 v3.01 Basic AMSFonts support
\symAMSa=\mathgroup4
\symAMSb=\mathgroup5
LaTeX Font Info:    Redeclaring math symbol \hbar on input line 98.
LaTeX Font Info:    Overwriting math alphabet `\mathfrak' in version `bold'
(Font)                  U/euf/m/n --> U/euf/b/n on input line 106.
) (/usr/local/texlive/2023/texmf-dist/tex/latex/l3backend/l3backend-pdftex.def
File: l3backend-pdftex.def 2023-01-16 L3 backend support: PDF output (pdfTeX)
\l__color_backend_stack_int=\count273
\l__pdf_internal_box=\box54
) (./h2.aux)
\openout1 = `h2.aux'.

LaTeX Font Info:    Checking defaults for OML/cmm/m/it on input line 11.
LaTeX Font Info:    ... okay on input line 11.
LaTeX Font Info:    Checking defaults for OMS/cmsy/m/n on input line 11.
LaTeX Font Info:    ... okay on input line 11.
LaTeX Font Info:    Checking defaults for OT1/cmr/m/n on input line 11.
LaTeX Font Info:    ... okay on input line 11.
LaTeX Font Info:    Checking defaults for T1/cmr/m/n on input line 11.
LaTeX Font Info:    ... okay on input line 11.
LaTeX Font Info:    Checking defaults for TS1/cmr/m/n on input line 11.
LaTeX Font Info:    ... okay on input line 11.
LaTeX Font Info:    Checking defaults for OMX/cmex/m/n on input line 11.
LaTeX Font Info:    ... okay on input line 11.
LaTeX Font Info:    Checking defaults for U/cmr/m/n on input line 11.
LaTeX Font Info:    ... okay on input line 11.
 (/usr/local/texlive/2023/texmf-dist/tex/context/base/mkii/supp-pdf.mkii
[Loading MPS to PDF converter (version 2006.09.02).]
\scratchcounter=\count274
\scratchdimen=\dimen153
\scratchbox=\box55
\nofMPsegments=\count275
\nofMParguments=\count276
\everyMPshowfont=\toks23
\MPscratchCnt=\count277
\MPscratchDim=\dimen154
\MPnumerator=\count278
\makeMPintoPDFobject=\count279
\everyMPtoPDFconversion=\toks24
) (/usr/local/texlive/2023/texmf-dist/tex/latex/epstopdf-pkg/epstopdf-base.sty
Package: epstopdf-base 2020-01-24 v2.11 Base part for package epstopdf
Package epstopdf-base Info: Redefining graphics rule for `.eps' on input line 485.
 (/usr/local/texlive/2023/texmf-dist/tex/latex/latexconfig/epstopdf-sys.cfg
File: epstopdf-sys.cfg 2010/07/13 v1.3 Configuration of (r)epstopdf for TeX Live
))
LaTeX Font Info:    Trying to load font information for U+msa on input line 13.
 (/usr/local/texlive/2023/texmf-dist/tex/latex/amsfonts/umsa.fd
File: umsa.fd 2013/01/14 v3.01 AMS symbols A
)
LaTeX Font Info:    Trying to load font information for U+msb on input line 13.
 (/usr/local/texlive/2023/texmf-dist/tex/latex/amsfonts/umsb.fd
File: umsb.fd 2013/01/14 v3.01 AMS symbols B
) [1

{/usr/local/texlive/2023/texmf-var/fonts/map/pdftex/updmap/pdftex.map}{/usr/local/texlive/2023/texmf-dist/fonts/enc/dvips/cm-super/cm-super-ts1.enc}]

Package amsfonts Warning: Obsolete command \bold; \mathbf should be used instead on input line 51.

<./assigment_screenshots/part_1.png, id=14, 449.68pt x 253.94875pt>
File: ./assigment_screenshots/part_1.png Graphic file (type png)
<use ./assigment_screenshots/part_1.png>
Package pdftex.def Info: ./assigment_screenshots/part_1.png  used on input line 55.
(pdftex.def)             Requested size: 449.6789pt x 253.94812pt.

Overfull \hbox (170.37889pt too wide) in paragraph at lines 55--56
[][] 
 []

[2]
Overfull \hbox (156.1319pt too wide) detected at line 63
[] \OT1/cmr/m/n/10 = [] [] \OML/cmm/m/it/10 x\OT1/cmr/m/n/10 [2(\OML/cmm/m/it/10 n \OMS/cmsy/m/n/10 ^^@ \OT1/cmr/m/n/10 1) + \OML/cmm/m/it/10 i\OT1/cmr/m/n/10 ][]\OML/cmm/m/it/10 W\OT1/cmr/m/n/10 [1\OML/cmm/m/it/10 ; \OT1/cmr/m/n/10 :\OML/cmm/m/it/10 ; i\OT1/cmr/m/n/10 ] = (0\OML/cmm/m/it/10 ; \OT1/cmr/m/n/10 0\OML/cmm/m/it/10 ::\OT1/cmr/m/n/10 0\OML/cmm/m/it/10 ; W\OT1/cmr/m/n/10 [1\OML/cmm/m/it/10 ; \OT1/cmr/m/n/10 :\OML/cmm/m/it/10 ; \OT1/cmr/m/n/10 1]\OML/cmm/m/it/10 ; W\OT1/cmr/m/n/10 [1\OML/cmm/m/it/10 ; \OT1/cmr/m/n/10 :\OML/cmm/m/it/10 ; \OT1/cmr/m/n/10 2]\OML/cmm/m/it/10 ; W\OT1/cmr/m/n/10 [1\OML/cmm/m/it/10 ; \OT1/cmr/m/n/10 :\OML/cmm/m/it/10 ; \OT1/cmr/m/n/10 3]\OML/cmm/m/it/10 ; \OT1/cmr/m/n/10 0\OML/cmm/m/it/10 ::; \OT1/cmr/m/n/10 0) \OMS/cmsy/m/n/10 2 \U/msb/m/n/10 R[]
 []

<./assigment_screenshots/part_2.png, id=26, 333.245pt x 129.48375pt>
File: ./assigment_screenshots/part_2.png Graphic file (type png)
<use ./assigment_screenshots/part_2.png>
Package pdftex.def Info: ./assigment_screenshots/part_2.png  used on input line 75.
(pdftex.def)             Requested size: 333.24417pt x 129.48341pt.

Overfull \hbox (53.94417pt too wide) in paragraph at lines 75--76
[][] 
 []

[3 <./assigment_screenshots/part_1.png>]
<./assigment_screenshots/part_3.png, id=34, 358.33875pt x 330.23375pt>
File: ./assigment_screenshots/part_3.png Graphic file (type png)
<use ./assigment_screenshots/part_3.png>
Package pdftex.def Info: ./assigment_screenshots/part_3.png  used on input line 76.
(pdftex.def)             Requested size: 358.33788pt x 330.23293pt.

Overfull \hbox (79.03787pt too wide) in paragraph at lines 76--77
[][] 
 []

</Users/hochwagenlab/Desktop/buz/school/deep_learning_f23/homework/hw2/write_up/assigment_screenshots/SC1.png, id=36, 1049.9225pt x 273.02pt>
File: /Users/hochwagenlab/Desktop/buz/school/deep_learning_f23/homework/hw2/write_up/assigment_screenshots/SC1.png Graphic file (type png)
<use /Users/hochwagenlab/Desktop/buz/school/deep_learning_f23/homework/hw2/write_up/assigment_screenshots/SC1.png>
Package pdftex.def Info: /Users/hochwagenlab/Desktop/buz/school/deep_learning_f23/homework/hw2/write_up/assigment_screenshots/SC1.png  used on input line 84.
(pdftex.def)             Requested size: 284.52756pt x 73.98717pt.
[4 <./assigment_screenshots/part_2.png> <./assigment_screenshots/part_3.png>]
<./assigment_screenshots/rnn_1.png, id=45, 500.87125pt x 487.8225pt>
File: ./assigment_screenshots/rnn_1.png Graphic file (type png)
<use ./assigment_screenshots/rnn_1.png>
Package pdftex.def Info: ./assigment_screenshots/rnn_1.png  used on input line 90.
(pdftex.def)             Requested size: 284.52756pt x 277.12383pt.
 [5 </Users/hochwagenlab/Desktop/buz/school/deep_learning_f23/homework/hw2/write_up/assigment_screenshots/SC1.png> <./assigment_screenshots/rnn_1.png>]
Overfull \hbox (54.61472pt too wide) detected at line 120
[] \OT1/cmr/m/n/10 = [][] = [](\OML/cmm/m/it/10 h\OT1/cmr/m/n/10 [\OML/cmm/m/it/10 t \OMS/cmsy/m/n/10 ^^@ \OT1/cmr/m/n/10 1][]\OML/cmm/m/it/10 d[] \OT1/cmr/m/n/10 + \OML/cmm/m/it/10 c\OT1/cmr/m/n/10 [\OML/cmm/m/it/10 t\OT1/cmr/m/n/10 ][]\OML/cmm/m/it/10 d[] \OMS/cmsy/m/n/10 ^^@ \OT1/cmr/m/n/10 (\OML/cmm/m/it/10 W[]x\OT1/cmr/m/n/10 [\OML/cmm/m/it/10 t\OT1/cmr/m/n/10 ])[]\OML/cmm/m/it/10 d[] \OT1/cmr/m/n/10 + (1 \OMS/cmsy/m/n/10 ^^@ \OML/cmm/m/it/10 c\OT1/cmr/m/n/10 [\OML/cmm/m/it/10 t\OT1/cmr/m/n/10 ])[]\OML/cmm/m/it/10 d[]\OT1/cmr/m/n/10 )
 []

<./assigment_screenshots/rnn_2.png, id=54, 1473.505pt x 1299.85625pt>
File: ./assigment_screenshots/rnn_2.png Graphic file (type png)
<use ./assigment_screenshots/rnn_2.png>
Package pdftex.def Info: ./assigment_screenshots/rnn_2.png  used on input line 141.
(pdftex.def)             Requested size: 284.52756pt x 250.98175pt.

Overfull \hbox (5.22755pt too wide) in paragraph at lines 141--142
[][] 
 []

[6] [7 <./assigment_screenshots/rnn_2.png>]
Overfull \hbox (120.77295pt too wide) detected at line 192
\OML/cmm/m/it/10 v \OT1/cmr/m/n/10 = [] = \OML/cmm/m/it/10 softargmax\OT1/cmr/m/n/10 (\OML/cmm/m/it/10 w[]; w[]; w[]\OT1/cmr/m/n/10 ) = [] \OMS/cmsy/m/n/10 ^^L \OT1/cmr/m/n/10 ([] + [] + [])
 []


Overfull \hbox (84.983pt too wide) detected at line 197
[]\OT1/cmr/m/n/10 ([] \OML/cmm/m/it/10 a[]\OT1/cmr/m/n/10 [\OML/cmm/m/it/10 t\OT1/cmr/m/n/10 ]\OML/cmm/m/it/10 v[]\OT1/cmr/m/n/10 [\OML/cmm/m/it/10 t\OT1/cmr/m/n/10 ]) = [] \OML/cmm/m/it/10 a[]\OT1/cmr/m/n/10 [\OML/cmm/m/it/10 t\OT1/cmr/m/n/10 ][] + []\OML/cmm/m/it/10 v[]\OT1/cmr/m/n/10 [\OML/cmm/m/it/10 t\OT1/cmr/m/n/10 ] = [] \OML/cmm/m/it/10 a[]\OT1/cmr/m/n/10 [\OML/cmm/m/it/10 t\OT1/cmr/m/n/10 ]\OML/cmm/m/it/10 e[]\OT1/cmr/m/n/10 [\OML/cmm/m/it/10 t\OT1/cmr/m/n/10 ] + \OML/cmm/m/it/10 v[]\OT1/cmr/m/n/10 [\OML/cmm/m/it/10 t\OT1/cmr/m/n/10 ]\OML/cmm/m/it/10 d[]\OT1/cmr/m/n/10 [\OML/cmm/m/it/10 t\OT1/cmr/m/n/10 ]
 []


Overfull \hbox (21.84248pt too wide) in paragraph at lines 202--203
[]\OT1/cmr/m/n/10 in At-ten-tion-RNN(k) we can write $[] = [][] \OML/cmm/m/it/10 a[]\OT1/cmr/m/n/10 [\OML/cmm/m/it/10 t\OT1/cmr/m/n/10 ]\OML/cmm/m/it/10 e[]i\OT1/cmr/m/n/10 ][\OML/cmm/m/it/10 t\OT1/cmr/m/n/10 ]([]) +
 []


Overfull \hbox (36.0142pt too wide) in paragraph at lines 203--204
[]\OT1/cmr/m/n/10 thus we can see that $[] = [][] [] + [] = [][] [] +
 []

[8] [9] (./h2.aux) ) 
Here is how much of TeX's memory you used:
 3022 strings out of 476025
 47370 string characters out of 5790017
 1873388 words of memory out of 5000000
 23450 multiletter control sequences out of 15000+600000
 521104 words of font info for 66 fonts, out of 8000000 for 9000
 1141 hyphenation exceptions out of 8191
 57i,10n,62p,547b,494s stack positions out of 10000i,1000n,20000p,200000b,200000s
</usr/local/texlive/2023/texmf-dist/fonts/type1/public/amsfonts/cm/cmbx10.pfb></usr/local/texlive/2023/texmf-dist/fonts/type1/public/amsfonts/cm/cmbx12.pfb></usr/local/texlive/2023/texmf-dist/fonts/type1/public/amsfonts/cm/cmbx5.pfb></usr/local/texlive/2023/texmf-dist/fonts/type1/public/amsfonts/cm/cmbx7.pfb></usr/local/texlive/2023/texmf-dist/fonts/type1/public/amsfonts/cm/cmex10.pfb></usr/local/texlive/2023/texmf-dist/fonts/type1/public/amsfonts/cm/cmmi10.pfb></usr/local/texlive/2023/texmf-dist/fonts/type1/public/amsfonts/cm/cmmi5.pfb></usr/local/texlive/2023/texmf-dist/fonts/type1/public/amsfonts/cm/cmmi7.pfb></usr/local/texlive/2023/texmf-dist/fonts/type1/public/amsfonts/cm/cmr10.pfb></usr/local/texlive/2023/texmf-dist/fonts/type1/public/amsfonts/cm/cmr12.pfb></usr/local/texlive/2023/texmf-dist/fonts/type1/public/amsfonts/cm/cmr17.pfb></usr/local/texlive/2023/texmf-dist/fonts/type1/public/amsfonts/cm/cmr5.pfb></usr/local/texlive/2023/texmf-dist/fonts/type1/public/amsfonts/cm/cmr7.pfb></usr/local/texlive/2023/texmf-dist/fonts/type1/public/amsfonts/cm/cmsy10.pfb></usr/local/texlive/2023/texmf-dist/fonts/type1/public/amsfonts/cm/cmsy7.pfb></usr/local/texlive/2023/texmf-dist/fonts/type1/public/amsfonts/symbols/msbm10.pfb></usr/local/texlive/2023/texmf-dist/fonts/type1/public/cm-super/sfrm1000.pfb>
Output written on h2.pdf (9 pages, 466033 bytes).
PDF statistics:
 145 PDF objects out of 1000 (max. 8388607)
 81 compressed objects within 1 object stream
 0 named destinations out of 1000 (max. 500000)
 67 words of extra memory for PDF output out of 10000 (max. 10000000)

